Flutter crash report.
Please report a bug at https://github.com/flutter/flutter/issues.

## command

flutter run -d chrome

## exception

SocketException: SocketException: Read failed (OS Error: Input/output error, errno = 5), port = 0

```
#0      _NativeSocket.read (dart:io-patch/socket_patch.dart:1344:33)
#1      _RawSocket.read (dart:io-patch/socket_patch.dart:2385:26)
#2      _Socket._onData (dart:io-patch/socket_patch.dart:2906:28)
#3      _rootRunUnary (dart:async/zone.dart:1546:13)
#4      _CustomZone.runUnary (dart:async/zone.dart:1429:19)
#5      _CustomZone.runUnaryGuarded (dart:async/zone.dart:1329:7)
#6      _BufferingStreamSubscription._sendData (dart:async/stream_impl.dart:381:11)
#7      _BufferingStreamSubscription._add (dart:async/stream_impl.dart:312:7)
#8      _SyncStreamControllerDispatch._sendData (dart:async/stream_controller.dart:798:19)
#9      _StreamController._add (dart:async/stream_controller.dart:663:7)
#10     _StreamController.add (dart:async/stream_controller.dart:618:5)
#11     new _RawSocket.<anonymous closure> (dart:io-patch/socket_patch.dart:2326:31)
#12     _NativeSocket.issueReadEvent.issue (dart:io-patch/socket_patch.dart:1649:14)
#13     _microtaskLoop (dart:async/schedule_microtask.dart:40:21)
#14     _startMicrotaskLoop (dart:async/schedule_microtask.dart:49:5)
#15     _runPendingImmediateCallback (dart:isolate-patch/isolate_patch.dart:127:13)
#16     _RawReceivePort._handleMessage (dart:isolate-patch/isolate_patch.dart:194:5)
```

## flutter doctor

```
[!] Flutter (Channel stable, 3.32.8, on macOS 15.5 24F74 darwin-arm64, locale en-IN) [8.3s]
    • Flutter version 3.32.8 on channel stable at /Users/lalitha/Development/flutter
    • Upstream repository https://github.com/flutter/flutter.git
    • Framework revision edada7c56e (6 months ago), 2025-07-25 14:08:03 +0000
    • Engine revision ef0cd00091
    • Dart version 3.8.1
    • DevTools version 2.45.1
    ✗ Downloaded executables cannot execute on host.
      See https://github.com/flutter/flutter/issues/6207 for more information.
      Flutter requires the Rosetta translation environment on ARM Macs. Try running:
        sudo softwareupdate --install-rosetta --agree-to-license

    • If those were intentional, you can disregard the above warnings; however it is recommended to
      use "git" directly to perform update checks and upgrades.

[✓] Android toolchain - develop for Android devices (Android SDK version 36.0.0) [1,689ms]
    • Android SDK at /Users/lalitha/Library/Android/sdk
    • Platform android-36, build-tools 36.0.0
    • Java binary at: /Applications/Android Studio.app/Contents/jbr/Contents/Home/bin/java
      This is the JDK bundled with the latest Android Studio installation on this machine.
      To manually set the JDK path, use: `flutter config --jdk-dir="path/to/jdk"`.
    • Java version OpenJDK Runtime Environment (build 21.0.6+-13391695-b895.109)
    • All Android licenses accepted.

[!] Xcode - develop for iOS and macOS (Xcode 16.4) [1,250ms]
    • Xcode at /Applications/Xcode.app/Contents/Developer
    • Build 16F6
    ✗ CocoaPods not installed.
        CocoaPods is a package manager for iOS or macOS platform code.
        Without CocoaPods, plugins will not work on iOS or macOS.
        For more info, see https://flutter.dev/to/platform-plugins
      For installation instructions, see
      https://guides.cocoapods.org/using/getting-started.html#installation

[✓] Chrome - develop for the web [3ms]
    • Chrome at /Applications/Google Chrome.app/Contents/MacOS/Google Chrome

[✓] Android Studio (version 2025.1) [3ms]
    • Android Studio at /Applications/Android Studio.app/Contents
    • Flutter plugin can be installed from:
      🔨 https://plugins.jetbrains.com/plugin/9212-flutter
    • Dart plugin can be installed from:
      🔨 https://plugins.jetbrains.com/plugin/6351-dart
    • Java version OpenJDK Runtime Environment (build 21.0.6+-13391695-b895.109)

[✓] VS Code (version 1.103.0) [2ms]
    • VS Code at /Applications/Visual Studio Code.app/Contents
    • Flutter extension version 3.126.0

[✓] Connected device (2 available) [5.5s]
    • macOS (desktop) • macos  • darwin-arm64   • macOS 15.5 24F74 darwin-arm64
    • Chrome (web)    • chrome • web-javascript • Google Chrome 144.0.7559.110

[✓] Network resources [387ms]
    • All expected network resources are available.

! Doctor found issues in 2 categories.
```
